<?xml version="1.0" encoding="UTF-8"?>
<!-- Generated by org.testng.reporters.JUnitXMLReporter -->
<testsuite ignored="3" hostname="DESKTOP-2QJGHUA" failures="0" tests="6" name="Functional Test" time="0.23" errors="0" timestamp="2022-08-08T22:29:49 IST">
  <testcase classname="TestNGSuit2.TestCase01" name="test1" time="0.021"/>
  <testcase classname="TestNGSuit2.TestCase01" name="test2" time="0.008"/>
  <testcase classname="TestNGSuit2.TestCase02" name="test4" time="0.01"/>
  <testcase classname="TestNGSuit2.TestCase02" name="test5" time="0.012"/>
  <testcase classname="TestNGSuit2.TestCase03" name="test7" time="0.003"/>
  <testcase classname="TestNGSuit2.TestCase03" name="test8" time="0.003"/>
  <testcase classname="TestNGSuit2.TestCase02" name="test6" time="0.0">
    <ignored/>
  </testcase> <!-- test6 -->
  <testcase classname="TestNGSuit2.TestCase03" name="test9" time="0.0">
    <ignored/>
  </testcase> <!-- test9 -->
  <testcase classname="TestNGSuit2.TestCase01" name="test3" time="0.0">
    <ignored/>
  </testcase> <!-- test3 -->
</testsuite> <!-- Functional Test -->
