<?xml version="1.0" encoding="UTF-8"?>
<!-- Generated by org.testng.reporters.JUnitXMLReporter -->
<testsuite ignored="6" hostname="DESKTOP-2QJGHUA" failures="0" tests="3" name="Functional Suit" time="0.105" errors="0" timestamp="2022-08-07T23:31:05 IST">
  <testcase classname="TestSuit1.TestCase1" name="Test1" time="0.02"/>
  <testcase classname="TestSuit1.TestCase2" name="Test4" time="0.002"/>
  <testcase classname="TestSuit1.TestCase3" name="Test7" time="0.006"/>
  <testcase classname="TestSuit1.TestCase2" name="Test5" time="0.0">
    <ignored/>
  </testcase> <!-- Test5 -->
  <testcase classname="TestSuit1.TestCase1" name="Test3" time="0.0">
    <ignored/>
  </testcase> <!-- Test3 -->
  <testcase classname="TestSuit1.TestCase3" name="Test9" time="0.0">
    <ignored/>
  </testcase> <!-- Test9 -->
  <testcase classname="TestSuit1.TestCase1" name="Test2" time="0.0">
    <ignored/>
  </testcase> <!-- Test2 -->
  <testcase classname="TestSuit1.TestCase3" name="Test8" time="0.0">
    <ignored/>
  </testcase> <!-- Test8 -->
  <testcase classname="TestSuit1.TestCase2" name="Test6" time="0.0">
    <ignored/>
  </testcase> <!-- Test6 -->
</testsuite> <!-- Functional Suit -->
