<?xml version="1.0" encoding="UTF-8"?>
<!-- Generated by org.testng.reporters.JUnitXMLReporter -->
<testsuite ignored="9" hostname="DESKTOP-2QJGHUA" failures="0" tests="0" time="0.022" errors="0" timestamp="2022-08-08T18:32:54 IST">
  <testcase classname="TestNGSuit2.TestCase02" name="test6" time="0.0">
    <ignored/>
  </testcase> <!-- test6 -->
  <testcase classname="TestNGSuit2.TestCase03" name="test7" time="0.0">
    <ignored/>
  </testcase> <!-- test7 -->
  <testcase classname="TestNGSuit2.TestCase02" name="test5" time="0.0">
    <ignored/>
  </testcase> <!-- test5 -->
  <testcase classname="TestNGSuit2.TestCase02" name="test4" time="0.0">
    <ignored/>
  </testcase> <!-- test4 -->
  <testcase classname="TestNGSuit2.TestCase03" name="test8" time="0.0">
    <ignored/>
  </testcase> <!-- test8 -->
  <testcase classname="TestNGSuit2.TestCase03" name="test9" time="0.0">
    <ignored/>
  </testcase> <!-- test9 -->
  <testcase classname="TestNGSuit2.TestCase01" name="test1" time="0.0">
    <ignored/>
  </testcase> <!-- test1 -->
  <testcase classname="TestNGSuit2.TestCase01" name="test2" time="0.0">
    <ignored/>
  </testcase> <!-- test2 -->
  <testcase classname="TestNGSuit2.TestCase01" name="test3" time="0.0">
    <ignored/>
  </testcase> <!-- test3 -->
</testsuite>
