<?xml version="1.0" encoding="UTF-8"?>
<!-- Generated by org.testng.reporters.JUnitXMLReporter -->
<testsuite ignored="3" hostname="DESKTOP-2QJGHUA" failures="0" tests="6" name="Test" time="0.143" errors="0" timestamp="2022-08-07T23:04:09 IST">
  <testcase classname="TestSuit1.TestCase1" name="Test2" time="0.016"/>
  <testcase classname="TestSuit1.TestCase1" name="Test3" time="0.005"/>
  <testcase classname="TestSuit1.TestCase2" name="Test5" time="0.004"/>
  <testcase classname="TestSuit1.TestCase2" name="Test6" time="0.008"/>
  <testcase classname="TestSuit1.TestCase3" name="Test8" time="0.006"/>
  <testcase classname="TestSuit1.TestCase3" name="Test9" time="0.003"/>
  <testcase classname="TestSuit1.TestCase2" name="Test4" time="0.0">
    <ignored/>
  </testcase> <!-- Test4 -->
  <testcase classname="TestSuit1.TestCase3" name="Test7" time="0.0">
    <ignored/>
  </testcase> <!-- Test7 -->
  <testcase classname="TestSuit1.TestCase1" name="Test1" time="0.0">
    <ignored/>
  </testcase> <!-- Test1 -->
</testsuite> <!-- Test -->
