<?xml version="1.0" encoding="UTF-8"?>
<!-- Generated by org.testng.reporters.JUnitXMLReporter -->
<testsuite ignored="0" hostname="DESKTOP-2QJGHUA" failures="0" tests="6" name="CrossBrowser Test" time="6.11" errors="0" timestamp="2022-08-14T16:42:34 IST">
  <testcase classname="CrossBrowserTesting.Practice1" name="crossbrowsertesting" time="5.53"/>
  <testcase classname="CrossBrowserTesting.Practice1" name="varifycurrentURL" time="0.019"/>
  <testcase classname="CrossBrowserTesting.Practice1" name="varifypagetitle" time="0.012"/>
  <testcase classname="CrossBrowserTesting.Practice1" name="varifyUserName" time="0.196"/>
  <testcase classname="CrossBrowserTesting.Practice1" name="password" time="0.17"/>
  <testcase classname="CrossBrowserTesting.Practice1" name="clickonloginbutton" time="0.095"/>
</testsuite> <!-- CrossBrowser Test -->
