<?xml version="1.0" encoding="UTF-8"?>
<!-- Generated by org.testng.reporters.JUnitXMLReporter -->
<testsuite ignored="0" hostname="DESKTOP-2QJGHUA" failures="0" tests="6" name="CrossbrowserTest" time="27.306" errors="0" timestamp="2022-08-14T20:57:50 IST">
  <testcase classname="CrossBrowserTesting.Practice1" name="crossbrowsertesting" time="23.365"/>
  <testcase classname="CrossBrowserTesting.Practice1" name="verifiURL" time="0.029"/>
  <testcase classname="CrossBrowserTesting.Practice1" name="verifyTitle" time="0.062"/>
  <testcase classname="CrossBrowserTesting.Practice1" name="userName" time="0.731"/>
  <testcase classname="CrossBrowserTesting.Practice1" name="password" time="0.485"/>
  <testcase classname="CrossBrowserTesting.Practice1" name="clickonlogin" time="2.532"/>
</testsuite> <!-- CrossbrowserTest -->
