<?xml version="1.0" encoding="UTF-8"?>
<!-- Generated by org.testng.reporters.JUnitXMLReporter -->
<testsuite ignored="0" hostname="DESKTOP-2QJGHUA" failures="0" tests="9" name="Smoke" time="0.189" errors="0" timestamp="2022-08-14T12:13:11 IST">
  <testcase classname="Grouping.Testcase1" name="Test1" time="0.016"/>
  <testcase classname="Grouping.Testcase1" name="Test2" time="0.012"/>
  <testcase classname="Grouping.Testcase1" name="Test3" time="0.003"/>
  <testcase classname="Grouping.Testcase2" name="test4" time="0.002"/>
  <testcase classname="Grouping.Testcase2" name="test5" time="0.007"/>
  <testcase classname="Grouping.Testcase2" name="test6" time="0.003"/>
  <testcase classname="Grouping.Testcase3" name="test7" time="0.003"/>
  <testcase classname="Grouping.Testcase3" name="test8" time="0.004"/>
  <testcase classname="Grouping.Testcase3" name="test9" time="0.002"/>
</testsuite> <!-- Smoke -->
