<?xml version="1.0" encoding="UTF-8"?>
<!-- Generated by org.testng.reporters.JUnitXMLReporter -->
<testsuite ignored="3" hostname="DESKTOP-2QJGHUA" failures="0" tests="6" name=" Test" time="0.154" errors="0" timestamp="2022-08-14T15:09:52 IST">
  <testcase classname="Grouping.Testcase1" name="Test2" time="0.016"/>
  <testcase classname="Grouping.Testcase1" name="Test3" time="0.005"/>
  <testcase classname="Grouping.Testcase2" name="test5" time="0.002"/>
  <testcase classname="Grouping.Testcase2" name="test6" time="0.003"/>
  <testcase classname="Grouping.Testcase3" name="test8" time="0.004"/>
  <testcase classname="Grouping.Testcase3" name="test9" time="0.003"/>
  <testcase classname="Grouping.Testcase1" name="Test1" time="0.0">
    <ignored/>
  </testcase> <!-- Test1 -->
  <testcase classname="Grouping.Testcase2" name="test4" time="0.0">
    <ignored/>
  </testcase> <!-- test4 -->
  <testcase classname="Grouping.Testcase3" name="test7" time="0.0">
    <ignored/>
  </testcase> <!-- test7 -->
</testsuite> <!--  Test -->
