<?xml version="1.0" encoding="UTF-8"?>
<!-- Generated by org.testng.reporters.JUnitXMLReporter -->
<testsuite ignored="0" hostname="DESKTOP-2QJGHUA" failures="0" tests="6" name="chrome Test" time="6.03" errors="0" timestamp="2022-08-14T21:16:43 IST">
  <testcase classname="CrossBrowserTesting.Practice1" name="crossbrowsertesting" time="5.423"/>
  <testcase classname="CrossBrowserTesting.Practice1" name="verifiURL" time="0.024"/>
  <testcase classname="CrossBrowserTesting.Practice1" name="verifyTitle" time="0.022"/>
  <testcase classname="CrossBrowserTesting.Practice1" name="userName" time="0.196"/>
  <testcase classname="CrossBrowserTesting.Practice1" name="password" time="0.166"/>
  <testcase classname="CrossBrowserTesting.Practice1" name="clickonlogin" time="0.105"/>
</testsuite> <!-- chrome Test -->
