<?xml version="1.0" encoding="UTF-8"?>
<!-- Generated by org.testng.reporters.JUnitXMLReporter -->
<testsuite ignored="0" hostname="DESKTOP-2QJGHUA" failures="0" tests="6" name="firefox Test" time="17.635" errors="0" timestamp="2022-08-14T21:17:01 IST">
  <testcase classname="KeyWordTestNG.CrossBrowserTesting" name="Crossbrowser" time="12.181"/>
  <testcase classname="KeyWordTestNG.CrossBrowserTesting" name="verifycurrentURL" time="0.036"/>
  <testcase classname="KeyWordTestNG.CrossBrowserTesting" name="varifypageTitle" time="0.035"/>
  <testcase classname="KeyWordTestNG.CrossBrowserTesting" name="varifyfieldname" time="0.207"/>
  <testcase classname="KeyWordTestNG.CrossBrowserTesting" name="varifypassword" time="0.197"/>
  <testcase classname="KeyWordTestNG.CrossBrowserTesting" name="clickonlogin" time="4.959"/>
</testsuite> <!-- firefox Test -->
